This file contains any messages produced by compilers while
running configure, to aid debugging if configure makes a mistake.

It was created by matiec configure 0.1, which was
generated by GNU Autoconf 2.72.  Invocation command line was

  $ ./configure

## --------- ##
## Platform. ##
## --------- ##

hostname = kali
uname -m = x86_64
uname -r = 6.6.15-amd64
uname -s = Linux
uname -v = #1 SMP PREEMPT_DYNAMIC Kali 6.6.15-2kali1 (2024-05-17)

/usr/bin/uname -p = unknown
/bin/uname -X     = unknown

/bin/arch              = x86_64
/usr/bin/arch -k       = unknown
/usr/convex/getsysinfo = unknown
/usr/bin/hostinfo      = unknown
/bin/machine           = unknown
/usr/bin/oslevel       = unknown
/bin/universe          = unknown

PATH: /usr/local/sbin/
PATH: /usr/local/bin/
PATH: /usr/sbin/
PATH: /usr/bin/
PATH: /sbin/
PATH: /bin/
PATH: /usr/local/games/
PATH: /usr/games/


## ----------- ##
## Core tests. ##
## ----------- ##

configure:2840: looking for aux files: config.guess config.sub compile missing install-sh
configure:2853:  trying ./config/
configure:2882:   ./config/config.guess found
configure:2882:   ./config/config.sub found
configure:2882:   ./config/compile found
configure:2882:   ./config/missing found
configure:2864:   ./config/install-sh found
configure:3016: checking for a BSD-compatible install
configure:3090: result: /usr/bin/install -c
configure:3101: checking whether sleep supports fractional seconds
configure:3117: result: yes
configure:3120: checking filesystem timestamp resolution
configure:3255: result: 0.01
configure:3260: checking whether build environment is sane
configure:3301: result: yes
configure:3346: WARNING: 'missing' script is too old or missing
configure:3472: checking for a race-free mkdir -p
configure:3515: result: /usr/bin/mkdir -p
configure:3522: checking for gawk
configure:3543: found /usr/bin/gawk
configure:3555: result: gawk
configure:3566: checking whether make sets $(MAKE)
configure:3590: result: yes
configure:3616: checking whether make supports nested variables
configure:3635: result: yes
configure:3649: checking xargs -n works
configure:3665: result: yes
configure:3778: checking for bison
configure:3799: found /usr/bin/bison
configure:3811: result: bison -y
configure:3836: checking whether make supports the include directive
configure:3851: make -f confmf.GNU && cat confinc.out
this is the am__doit target
configure:3854: $? = 0
configure:3873: result: yes (GNU style)
configure:3950: checking for gcc
configure:3971: found /usr/bin/gcc
configure:3983: result: gcc
configure:4342: checking for C compiler version
configure:4351: gcc --version >&5
gcc (Debian 15.2.0-4) 15.2.0
Copyright (C) 2025 Free Software Foundation, Inc.
This is free software; see the source for copying conditions.  There is NO
warranty; not even for MERCHANTABILITY or FITNESS FOR A PARTICULAR PURPOSE.

configure:4362: $? = 0
configure:4351: gcc -v >&5
Using built-in specs.
COLLECT_GCC=gcc
COLLECT_LTO_WRAPPER=/usr/libexec/gcc/x86_64-linux-gnu/15/lto-wrapper
OFFLOAD_TARGET_NAMES=nvptx-none:amdgcn-amdhsa
OFFLOAD_TARGET_DEFAULT=1
Target: x86_64-linux-gnu
Configured with: ../src/configure -v --with-pkgversion='Debian 15.2.0-4' --with-bugurl=file:///usr/share/doc/gcc-15/README.Bugs --enable-languages=c,ada,c++,go,d,fortran,objc,obj-c++,m2,rust,cobol,algol68 --prefix=/usr --with-gcc-major-version-only --program-suffix=-15 --program-prefix=x86_64-linux-gnu- --enable-shared --enable-linker-build-id --libexecdir=/usr/libexec --without-included-gettext --enable-threads=posix --libdir=/usr/lib --enable-nls --enable-bootstrap --enable-clocale=gnu --enable-libstdcxx-debug --enable-libstdcxx-time=yes --with-default-libstdcxx-abi=new --enable-libstdcxx-backtrace --enable-gnu-unique-object --disable-vtable-verify --enable-plugin --enable-default-pie --with-system-zlib --enable-libphobos-checking=release --with-target-system-zlib=auto --enable-objc-gc=auto --enable-multiarch --disable-werror --enable-cet --with-arch-32=i686 --with-abi=m64 --with-multilib-list=m32,m64,mx32 --enable-multilib --with-tune=generic --enable-offload-targets=nvptx-none=/build/reproducible-path/gcc-15-15.2.0/debian/tmp-nvptx/usr,amdgcn-amdhsa=/build/reproducible-path/gcc-15-15.2.0/debian/tmp-gcn/usr --enable-offload-defaulted --without-cuda-driver --enable-checking=release --build=x86_64-linux-gnu --host=x86_64-linux-gnu --target=x86_64-linux-gnu --with-build-config=bootstrap-lto-lean --enable-link-serialization=3
Thread model: posix
Supported LTO compression algorithms: zlib zstd
gcc version 15.2.0 (Debian 15.2.0-4) 
... rest of stderr output deleted ...
configure:4362: $? = 0
configure:4351: gcc -V >&5
gcc: error: unrecognized command-line option '-V'
gcc: fatal error: no input files
compilation terminated.
configure:4362: $? = 1
configure:4351: gcc -qversion >&5
gcc: error: unrecognized command-line option '-qversion'; did you mean '--version'?
gcc: fatal error: no input files
compilation terminated.
configure:4362: $? = 1
configure:4351: gcc -version >&5
gcc: error: unrecognized command-line option '-version'
gcc: fatal error: no input files
compilation terminated.
configure:4362: $? = 1
configure:4382: checking whether the C compiler works
configure:4404: gcc    conftest.c  >&5
configure:4408: $? = 0
configure:4459: result: yes
configure:4463: checking for C compiler default output file name
configure:4465: result: a.out
configure:4471: checking for suffix of executables
configure:4478: gcc -o conftest    conftest.c  >&5
configure:4482: $? = 0
configure:4506: result: 
configure:4530: checking whether we are cross compiling
configure:4538: gcc -o conftest    conftest.c  >&5
configure:4542: $? = 0
configure:4549: ./conftest
configure:4553: $? = 0
configure:4568: result: no
configure:4574: checking for suffix of object files
configure:4597: gcc -c   conftest.c >&5
configure:4601: $? = 0
configure:4625: result: o
configure:4629: checking whether the compiler supports GNU C
configure:4649: gcc -c   conftest.c >&5
configure:4649: $? = 0
configure:4661: result: yes
configure:4672: checking whether gcc accepts -g
configure:4693: gcc -c -g  conftest.c >&5
configure:4693: $? = 0
configure:4740: result: yes
configure:4760: checking for gcc option to enable C11 features
configure:4775: gcc  -c   conftest.c >&5
configure:4775: $? = 0
configure:4794: result: none needed
configure:4918: checking whether gcc understands -c and -o together
configure:4941: gcc -c conftest.c -o conftest2.o
configure:4944: $? = 0
configure:4941: gcc -c conftest.c -o conftest2.o
configure:4944: $? = 0
configure:4957: result: yes
configure:4976: checking dependency style of gcc
configure:5089: result: gcc3
configure:5109: checking for flex
configure:5130: found /usr/bin/flex
configure:5142: result: flex
configure:5191: checking for lex output file root
configure:5204: flex conftest.l
configure:5208: $? = 0
configure:5217: result: lex.yy
configure:5232: checking for lex library
configure:5257: gcc -o conftest    conftest.c  >&5
configure:5257: $? = 0
configure:5271: result: none needed
configure:5287: checking for library containing yywrap
configure:5323: gcc -o conftest    conftest.c  >&5
/usr/bin/ld: /tmp/ccezi5wh.o: in function `main':
conftest.c:(.text+0x5): undefined reference to `yywrap'
collect2: error: ld returned 1 exit status
configure:5323: $? = 1
configure: failed program was:
| /* confdefs.h */
| #define PACKAGE_NAME "matiec"
| #define PACKAGE_TARNAME "matiec"
| #define PACKAGE_VERSION "0.1"
| #define PACKAGE_STRING "matiec 0.1"
| #define PACKAGE_BUGREPORT "msousa@fe.up.pt, beremiz-devel@lists.sourceforge.net"
| #define PACKAGE_URL ""
| #define PACKAGE "matiec"
| #define VERSION "0.1"
| /* end confdefs.h.  */
| 
| /* Override any GCC internal prototype to avoid an error.
|    Use char because int might match the return type of a GCC
|    builtin and then its argument prototype would still apply.
|    The 'extern "C"' is for builds by C++ compilers;
|    although this is not generally supported in C code supporting it here
|    has little cost and some practical benefit (sr 110532).  */
| #ifdef __cplusplus
| extern "C"
| #endif
| char yywrap (void);
| int
| main (void)
| {
| return yywrap ();
|   ;
|   return 0;
| }
configure:5323: gcc -o conftest    conftest.c -lfl   >&5
/usr/bin/ld: /usr/lib/gcc/x86_64-linux-gnu/15/../../../x86_64-linux-gnu/libfl.so: undefined reference to `yylex'
collect2: error: ld returned 1 exit status
configure:5323: $? = 1
configure: failed program was:
| /* confdefs.h */
| #define PACKAGE_NAME "matiec"
| #define PACKAGE_TARNAME "matiec"
| #define PACKAGE_VERSION "0.1"
| #define PACKAGE_STRING "matiec 0.1"
| #define PACKAGE_BUGREPORT "msousa@fe.up.pt, beremiz-devel@lists.sourceforge.net"
| #define PACKAGE_URL ""
| #define PACKAGE "matiec"
| #define VERSION "0.1"
| /* end confdefs.h.  */
| 
| /* Override any GCC internal prototype to avoid an error.
|    Use char because int might match the return type of a GCC
|    builtin and then its argument prototype would still apply.
|    The 'extern "C"' is for builds by C++ compilers;
|    although this is not generally supported in C code supporting it here
|    has little cost and some practical benefit (sr 110532).  */
| #ifdef __cplusplus
| extern "C"
| #endif
| char yywrap (void);
| int
| main (void)
| {
| return yywrap ();
|   ;
|   return 0;
| }
configure:5323: gcc -o conftest    conftest.c -ll   >&5
configure:5323: $? = 0
configure:5345: result: -ll
configure:5362: checking whether yytext is a pointer
configure:5378: gcc -c   conftest.c >&5
configure:5378: $? = 0
configure:5386: result: yes
configure:5468: checking for g++
configure:5489: found /usr/bin/g++
configure:5501: result: g++
configure:5528: checking for C++ compiler version
configure:5537: g++ --version >&5
g++ (Debian 15.2.0-4) 15.2.0
Copyright (C) 2025 Free Software Foundation, Inc.
This is free software; see the source for copying conditions.  There is NO
warranty; not even for MERCHANTABILITY or FITNESS FOR A PARTICULAR PURPOSE.

configure:5548: $? = 0
configure:5537: g++ -v >&5
Using built-in specs.
COLLECT_GCC=g++
COLLECT_LTO_WRAPPER=/usr/libexec/gcc/x86_64-linux-gnu/15/lto-wrapper
OFFLOAD_TARGET_NAMES=nvptx-none:amdgcn-amdhsa
OFFLOAD_TARGET_DEFAULT=1
Target: x86_64-linux-gnu
Configured with: ../src/configure -v --with-pkgversion='Debian 15.2.0-4' --with-bugurl=file:///usr/share/doc/gcc-15/README.Bugs --enable-languages=c,ada,c++,go,d,fortran,objc,obj-c++,m2,rust,cobol,algol68 --prefix=/usr --with-gcc-major-version-only --program-suffix=-15 --program-prefix=x86_64-linux-gnu- --enable-shared --enable-linker-build-id --libexecdir=/usr/libexec --without-included-gettext --enable-threads=posix --libdir=/usr/lib --enable-nls --enable-bootstrap --enable-clocale=gnu --enable-libstdcxx-debug --enable-libstdcxx-time=yes --with-default-libstdcxx-abi=new --enable-libstdcxx-backtrace --enable-gnu-unique-object --disable-vtable-verify --enable-plugin --enable-default-pie --with-system-zlib --enable-libphobos-checking=release --with-target-system-zlib=auto --enable-objc-gc=auto --enable-multiarch --disable-werror --enable-cet --with-arch-32=i686 --with-abi=m64 --with-multilib-list=m32,m64,mx32 --enable-multilib --with-tune=generic --enable-offload-targets=nvptx-none=/build/reproducible-path/gcc-15-15.2.0/debian/tmp-nvptx/usr,amdgcn-amdhsa=/build/reproducible-path/gcc-15-15.2.0/debian/tmp-gcn/usr --enable-offload-defaulted --without-cuda-driver --enable-checking=release --build=x86_64-linux-gnu --host=x86_64-linux-gnu --target=x86_64-linux-gnu --with-build-config=bootstrap-lto-lean --enable-link-serialization=3
Thread model: posix
Supported LTO compression algorithms: zlib zstd
gcc version 15.2.0 (Debian 15.2.0-4) 
... rest of stderr output deleted ...
configure:5548: $? = 0
configure:5537: g++ -V >&5
g++: error: unrecognized command-line option '-V'
g++: fatal error: no input files
compilation terminated.
configure:5548: $? = 1
configure:5537: g++ -qversion >&5
g++: error: unrecognized command-line option '-qversion'; did you mean '--version'?
g++: fatal error: no input files
compilation terminated.
configure:5548: $? = 1
configure:5552: checking whether the compiler supports GNU C++
configure:5572: g++ -c   conftest.cpp >&5
configure:5572: $? = 0
configure:5584: result: yes
configure:5595: checking whether g++ accepts -g
configure:5616: g++ -c -g  conftest.cpp >&5
configure:5616: $? = 0
configure:5663: result: yes
configure:5683: checking for g++ option to enable C++11 features
configure:5698: g++  -c   conftest.cpp >&5
conftest.cpp: In function 'int main(int, char**)':
conftest.cpp:178:25: warning: empty parentheses were disambiguated as a function declaration [-Wvexing-parse]
  178 |   cxx11test::delegate d2();
      |                         ^~
conftest.cpp:178:25: note: remove parentheses to default-initialize a variable
  178 |   cxx11test::delegate d2();
      |                         ^~
      |                         --
conftest.cpp:178:25: note: or replace parentheses with braces to value-initialize a variable
configure:5698: $? = 0
configure:5717: result: none needed
configure:5788: checking dependency style of g++
configure:5901: result: gcc3
configure:5917: checking whether ln -s works
configure:5921: result: yes
configure:5928: checking whether make sets $(MAKE)
configure:5952: result: yes
configure:6010: checking for ranlib
configure:6031: found /usr/bin/ranlib
configure:6043: result: ranlib
configure:6069: checking for gawk
configure:6102: result: gawk
configure:6139: checking for stdio.h
configure:6139: gcc -c   conftest.c >&5
configure:6139: $? = 0
configure:6139: result: yes
configure:6139: checking for stdlib.h
configure:6139: gcc -c   conftest.c >&5
configure:6139: $? = 0
configure:6139: result: yes
configure:6139: checking for string.h
configure:6139: gcc -c   conftest.c >&5
configure:6139: $? = 0
configure:6139: result: yes
configure:6139: checking for inttypes.h
configure:6139: gcc -c   conftest.c >&5
configure:6139: $? = 0
configure:6139: result: yes
configure:6139: checking for stdint.h
configure:6139: gcc -c   conftest.c >&5
configure:6139: $? = 0
configure:6139: result: yes
configure:6139: checking for strings.h
configure:6139: gcc -c   conftest.c >&5
configure:6139: $? = 0
configure:6139: result: yes
configure:6139: checking for sys/stat.h
configure:6139: gcc -c   conftest.c >&5
configure:6139: $? = 0
configure:6139: result: yes
configure:6139: checking for sys/types.h
configure:6139: gcc -c   conftest.c >&5
configure:6139: $? = 0
configure:6139: result: yes
configure:6139: checking for unistd.h
configure:6139: gcc -c   conftest.c >&5
configure:6139: $? = 0
configure:6139: result: yes
configure:6139: checking for sys/time.h
configure:6139: gcc -c   conftest.c >&5
configure:6139: $? = 0
configure:6139: result: yes
configure:6164: checking for float.h
configure:6164: gcc -c   conftest.c >&5
configure:6164: $? = 0
configure:6164: result: yes
configure:6170: checking for limits.h
configure:6170: gcc -c   conftest.c >&5
configure:6170: $? = 0
configure:6170: result: yes
configure:6176: checking for stdint.h
configure:6176: result: yes
configure:6182: checking for stdlib.h
configure:6182: result: yes
configure:6188: checking for string.h
configure:6188: result: yes
configure:6194: checking for strings.h
configure:6194: result: yes
configure:6200: checking for sys/timeb.h
configure:6200: gcc -c   conftest.c >&5
configure:6200: $? = 0
configure:6200: result: yes
configure:6206: checking for unistd.h
configure:6206: result: yes
configure:6215: checking for _Bool
configure:6215: gcc -c   conftest.c >&5
configure:6215: $? = 0
configure:6215: gcc -c   conftest.c >&5
conftest.c: In function 'main':
conftest.c:62:20: error: expected expression before ')' token
   62 | if (sizeof ((_Bool)))
      |                    ^
configure:6215: $? = 1
configure: failed program was:
| /* confdefs.h */
| #define PACKAGE_NAME "matiec"
| #define PACKAGE_TARNAME "matiec"
| #define PACKAGE_VERSION "0.1"
| #define PACKAGE_STRING "matiec 0.1"
| #define PACKAGE_BUGREPORT "msousa@fe.up.pt, beremiz-devel@lists.sourceforge.net"
| #define PACKAGE_URL ""
| #define PACKAGE "matiec"
| #define VERSION "0.1"
| #define YYTEXT_POINTER 1
| #define HAVE_STDIO_H 1
| #define HAVE_STDLIB_H 1
| #define HAVE_STRING_H 1
| #define HAVE_INTTYPES_H 1
| #define HAVE_STDINT_H 1
| #define HAVE_STRINGS_H 1
| #define HAVE_SYS_STAT_H 1
| #define HAVE_SYS_TYPES_H 1
| #define HAVE_UNISTD_H 1
| #define HAVE_SYS_TIME_H 1
| #define STDC_HEADERS 1
| #define HAVE_FLOAT_H 1
| #define HAVE_LIMITS_H 1
| #define HAVE_STDINT_H 1
| #define HAVE_STDLIB_H 1
| #define HAVE_STRING_H 1
| #define HAVE_STRINGS_H 1
| #define HAVE_SYS_TIMEB_H 1
| #define HAVE_UNISTD_H 1
| /* end confdefs.h.  */
| #include <stddef.h>
| #ifdef HAVE_STDIO_H
| # include <stdio.h>
| #endif
| #ifdef HAVE_STDLIB_H
| # include <stdlib.h>
| #endif
| #ifdef HAVE_STRING_H
| # include <string.h>
| #endif
| #ifdef HAVE_INTTYPES_H
| # include <inttypes.h>
| #endif
| #ifdef HAVE_STDINT_H
| # include <stdint.h>
| #endif
| #ifdef HAVE_STRINGS_H
| # include <strings.h>
| #endif
| #ifdef HAVE_SYS_TYPES_H
| # include <sys/types.h>
| #endif
| #ifdef HAVE_SYS_STAT_H
| # include <sys/stat.h>
| #endif
| #ifdef HAVE_UNISTD_H
| # include <unistd.h>
| #endif
| int
| main (void)
| {
| if (sizeof ((_Bool)))
| 	    return 0;
|   ;
|   return 0;
| }
configure:6215: result: yes
configure:6224: checking for stdbool.h that conforms to C99 or later
configure:6299: gcc -c   conftest.c >&5
configure:6299: $? = 0
configure:6309: result: yes
configure:6318: checking for inline
configure:6335: gcc -c   conftest.c >&5
configure:6335: $? = 0
configure:6345: result: inline
configure:6363: checking for int16_t
configure:6363: gcc -c   conftest.c >&5
configure:6363: $? = 0
configure:6363: gcc -c   conftest.c >&5
conftest.c: In function 'main':
conftest.c:65:12: error: size of array 'test_array' is negative
   65 | static int test_array [1 - 2 * !((int16_t) (((((int16_t) 1 << N) << N) - 1) * 2 + 1)
      |            ^~~~~~~~~~
configure:6363: $? = 1
configure: failed program was:
| /* confdefs.h */
| #define PACKAGE_NAME "matiec"
| #define PACKAGE_TARNAME "matiec"
| #define PACKAGE_VERSION "0.1"
| #define PACKAGE_STRING "matiec 0.1"
| #define PACKAGE_BUGREPORT "msousa@fe.up.pt, beremiz-devel@lists.sourceforge.net"
| #define PACKAGE_URL ""
| #define PACKAGE "matiec"
| #define VERSION "0.1"
| #define YYTEXT_POINTER 1
| #define HAVE_STDIO_H 1
| #define HAVE_STDLIB_H 1
| #define HAVE_STRING_H 1
| #define HAVE_INTTYPES_H 1
| #define HAVE_STDINT_H 1
| #define HAVE_STRINGS_H 1
| #define HAVE_SYS_STAT_H 1
| #define HAVE_SYS_TYPES_H 1
| #define HAVE_UNISTD_H 1
| #define HAVE_SYS_TIME_H 1
| #define STDC_HEADERS 1
| #define HAVE_FLOAT_H 1
| #define HAVE_LIMITS_H 1
| #define HAVE_STDINT_H 1
| #define HAVE_STDLIB_H 1
| #define HAVE_STRING_H 1
| #define HAVE_STRINGS_H 1
| #define HAVE_SYS_TIMEB_H 1
| #define HAVE_UNISTD_H 1
| #define HAVE__BOOL 1
| #define HAVE_STDBOOL_H 1
| /* end confdefs.h.  */
| #include <stddef.h>
| #ifdef HAVE_STDIO_H
| # include <stdio.h>
| #endif
| #ifdef HAVE_STDLIB_H
| # include <stdlib.h>
| #endif
| #ifdef HAVE_STRING_H
| # include <string.h>
| #endif
| #ifdef HAVE_INTTYPES_H
| # include <inttypes.h>
| #endif
| #ifdef HAVE_STDINT_H
| # include <stdint.h>
| #endif
| #ifdef HAVE_STRINGS_H
| # include <strings.h>
| #endif
| #ifdef HAVE_SYS_TYPES_H
| # include <sys/types.h>
| #endif
| #ifdef HAVE_SYS_STAT_H
| # include <sys/stat.h>
| #endif
| #ifdef HAVE_UNISTD_H
| # include <unistd.h>
| #endif
| 	        enum { N = 16 / 2 - 1 };
| int
| main (void)
| {
| static int test_array [1 - 2 * !((int16_t) (((((int16_t) 1 << N) << N) - 1) * 2 + 1)
| 		 < (int16_t) (((((int16_t) 1 << N) << N) - 1) * 2 + 2))];
| test_array [0] = 0;
| return test_array [0];
| 
|   ;
|   return 0;
| }
configure:6363: result: yes
configure:6372: checking for int32_t
configure:6372: gcc -c   conftest.c >&5
configure:6372: $? = 0
configure:6372: gcc -c   conftest.c >&5
conftest.c: In function 'main':
conftest.c:66:67: warning: integer overflow in expression of type 'int' results in '-2147483648' [-Woverflow]
   66 |                  < (int32_t) (((((int32_t) 1 << N) << N) - 1) * 2 + 2))];
      |                                                                   ^
conftest.c:65:12: error: storage size of 'test_array' isn't constant
   65 | static int test_array [1 - 2 * !((int32_t) (((((int32_t) 1 << N) << N) - 1) * 2 + 1)
      |            ^~~~~~~~~~
configure:6372: $? = 1
configure: failed program was:
| /* confdefs.h */
| #define PACKAGE_NAME "matiec"
| #define PACKAGE_TARNAME "matiec"
| #define PACKAGE_VERSION "0.1"
| #define PACKAGE_STRING "matiec 0.1"
| #define PACKAGE_BUGREPORT "msousa@fe.up.pt, beremiz-devel@lists.sourceforge.net"
| #define PACKAGE_URL ""
| #define PACKAGE "matiec"
| #define VERSION "0.1"
| #define YYTEXT_POINTER 1
| #define HAVE_STDIO_H 1
| #define HAVE_STDLIB_H 1
| #define HAVE_STRING_H 1
| #define HAVE_INTTYPES_H 1
| #define HAVE_STDINT_H 1
| #define HAVE_STRINGS_H 1
| #define HAVE_SYS_STAT_H 1
| #define HAVE_SYS_TYPES_H 1
| #define HAVE_UNISTD_H 1
| #define HAVE_SYS_TIME_H 1
| #define STDC_HEADERS 1
| #define HAVE_FLOAT_H 1
| #define HAVE_LIMITS_H 1
| #define HAVE_STDINT_H 1
| #define HAVE_STDLIB_H 1
| #define HAVE_STRING_H 1
| #define HAVE_STRINGS_H 1
| #define HAVE_SYS_TIMEB_H 1
| #define HAVE_UNISTD_H 1
| #define HAVE__BOOL 1
| #define HAVE_STDBOOL_H 1
| /* end confdefs.h.  */
| #include <stddef.h>
| #ifdef HAVE_STDIO_H
| # include <stdio.h>
| #endif
| #ifdef HAVE_STDLIB_H
| # include <stdlib.h>
| #endif
| #ifdef HAVE_STRING_H
| # include <string.h>
| #endif
| #ifdef HAVE_INTTYPES_H
| # include <inttypes.h>
| #endif
| #ifdef HAVE_STDINT_H
| # include <stdint.h>
| #endif
| #ifdef HAVE_STRINGS_H
| # include <strings.h>
| #endif
| #ifdef HAVE_SYS_TYPES_H
| # include <sys/types.h>
| #endif
| #ifdef HAVE_SYS_STAT_H
| # include <sys/stat.h>
| #endif
| #ifdef HAVE_UNISTD_H
| # include <unistd.h>
| #endif
| 	        enum { N = 32 / 2 - 1 };
| int
| main (void)
| {
| static int test_array [1 - 2 * !((int32_t) (((((int32_t) 1 << N) << N) - 1) * 2 + 1)
| 		 < (int32_t) (((((int32_t) 1 << N) << N) - 1) * 2 + 2))];
| test_array [0] = 0;
| return test_array [0];
| 
|   ;
|   return 0;
| }
configure:6372: result: yes
configure:6381: checking for int64_t
configure:6381: gcc -c   conftest.c >&5
configure:6381: $? = 0
configure:6381: gcc -c   conftest.c >&5
conftest.c: In function 'main':
conftest.c:66:67: warning: integer overflow in expression of type 'long int' results in '-9223372036854775808' [-Woverflow]
   66 |                  < (int64_t) (((((int64_t) 1 << N) << N) - 1) * 2 + 2))];
      |                                                                   ^
conftest.c:65:12: error: storage size of 'test_array' isn't constant
   65 | static int test_array [1 - 2 * !((int64_t) (((((int64_t) 1 << N) << N) - 1) * 2 + 1)
      |            ^~~~~~~~~~
configure:6381: $? = 1
configure: failed program was:
| /* confdefs.h */
| #define PACKAGE_NAME "matiec"
| #define PACKAGE_TARNAME "matiec"
| #define PACKAGE_VERSION "0.1"
| #define PACKAGE_STRING "matiec 0.1"
| #define PACKAGE_BUGREPORT "msousa@fe.up.pt, beremiz-devel@lists.sourceforge.net"
| #define PACKAGE_URL ""
| #define PACKAGE "matiec"
| #define VERSION "0.1"
| #define YYTEXT_POINTER 1
| #define HAVE_STDIO_H 1
| #define HAVE_STDLIB_H 1
| #define HAVE_STRING_H 1
| #define HAVE_INTTYPES_H 1
| #define HAVE_STDINT_H 1
| #define HAVE_STRINGS_H 1
| #define HAVE_SYS_STAT_H 1
| #define HAVE_SYS_TYPES_H 1
| #define HAVE_UNISTD_H 1
| #define HAVE_SYS_TIME_H 1
| #define STDC_HEADERS 1
| #define HAVE_FLOAT_H 1
| #define HAVE_LIMITS_H 1
| #define HAVE_STDINT_H 1
| #define HAVE_STDLIB_H 1
| #define HAVE_STRING_H 1
| #define HAVE_STRINGS_H 1
| #define HAVE_SYS_TIMEB_H 1
| #define HAVE_UNISTD_H 1
| #define HAVE__BOOL 1
| #define HAVE_STDBOOL_H 1
| /* end confdefs.h.  */
| #include <stddef.h>
| #ifdef HAVE_STDIO_H
| # include <stdio.h>
| #endif
| #ifdef HAVE_STDLIB_H
| # include <stdlib.h>
| #endif
| #ifdef HAVE_STRING_H
| # include <string.h>
| #endif
| #ifdef HAVE_INTTYPES_H
| # include <inttypes.h>
| #endif
| #ifdef HAVE_STDINT_H
| # include <stdint.h>
| #endif
| #ifdef HAVE_STRINGS_H
| # include <strings.h>
| #endif
| #ifdef HAVE_SYS_TYPES_H
| # include <sys/types.h>
| #endif
| #ifdef HAVE_SYS_STAT_H
| # include <sys/stat.h>
| #endif
| #ifdef HAVE_UNISTD_H
| # include <unistd.h>
| #endif
| 	        enum { N = 64 / 2 - 1 };
| int
| main (void)
| {
| static int test_array [1 - 2 * !((int64_t) (((((int64_t) 1 << N) << N) - 1) * 2 + 1)
| 		 < (int64_t) (((((int64_t) 1 << N) << N) - 1) * 2 + 2))];
| test_array [0] = 0;
| return test_array [0];
| 
|   ;
|   return 0;
| }
configure:6381: result: yes
configure:6390: checking for int8_t
configure:6390: gcc -c   conftest.c >&5
configure:6390: $? = 0
configure:6390: gcc -c   conftest.c >&5
conftest.c: In function 'main':
conftest.c:65:12: error: size of array 'test_array' is negative
   65 | static int test_array [1 - 2 * !((int8_t) (((((int8_t) 1 << N) << N) - 1) * 2 + 1)
      |            ^~~~~~~~~~
configure:6390: $? = 1
configure: failed program was:
| /* confdefs.h */
| #define PACKAGE_NAME "matiec"
| #define PACKAGE_TARNAME "matiec"
| #define PACKAGE_VERSION "0.1"
| #define PACKAGE_STRING "matiec 0.1"
| #define PACKAGE_BUGREPORT "msousa@fe.up.pt, beremiz-devel@lists.sourceforge.net"
| #define PACKAGE_URL ""
| #define PACKAGE "matiec"
| #define VERSION "0.1"
| #define YYTEXT_POINTER 1
| #define HAVE_STDIO_H 1
| #define HAVE_STDLIB_H 1
| #define HAVE_STRING_H 1
| #define HAVE_INTTYPES_H 1
| #define HAVE_STDINT_H 1
| #define HAVE_STRINGS_H 1
| #define HAVE_SYS_STAT_H 1
| #define HAVE_SYS_TYPES_H 1
| #define HAVE_UNISTD_H 1
| #define HAVE_SYS_TIME_H 1
| #define STDC_HEADERS 1
| #define HAVE_FLOAT_H 1
| #define HAVE_LIMITS_H 1
| #define HAVE_STDINT_H 1
| #define HAVE_STDLIB_H 1
| #define HAVE_STRING_H 1
| #define HAVE_STRINGS_H 1
| #define HAVE_SYS_TIMEB_H 1
| #define HAVE_UNISTD_H 1
| #define HAVE__BOOL 1
| #define HAVE_STDBOOL_H 1
| /* end confdefs.h.  */
| #include <stddef.h>
| #ifdef HAVE_STDIO_H
| # include <stdio.h>
| #endif
| #ifdef HAVE_STDLIB_H
| # include <stdlib.h>
| #endif
| #ifdef HAVE_STRING_H
| # include <string.h>
| #endif
| #ifdef HAVE_INTTYPES_H
| # include <inttypes.h>
| #endif
| #ifdef HAVE_STDINT_H
| # include <stdint.h>
| #endif
| #ifdef HAVE_STRINGS_H
| # include <strings.h>
| #endif
| #ifdef HAVE_SYS_TYPES_H
| # include <sys/types.h>
| #endif
| #ifdef HAVE_SYS_STAT_H
| # include <sys/stat.h>
| #endif
| #ifdef HAVE_UNISTD_H
| # include <unistd.h>
| #endif
| 	        enum { N = 8 / 2 - 1 };
| int
| main (void)
| {
| static int test_array [1 - 2 * !((int8_t) (((((int8_t) 1 << N) << N) - 1) * 2 + 1)
| 		 < (int8_t) (((((int8_t) 1 << N) << N) - 1) * 2 + 2))];
| test_array [0] = 0;
| return test_array [0];
| 
|   ;
|   return 0;
| }
configure:6390: result: yes
configure:6399: checking for uint16_t
configure:6399: gcc -c   conftest.c >&5
configure:6399: $? = 0
configure:6399: result: yes
configure:6409: checking for uint32_t
configure:6409: gcc -c   conftest.c >&5
configure:6409: $? = 0
configure:6409: result: yes
configure:6421: checking for uint64_t
configure:6421: gcc -c   conftest.c >&5
configure:6421: $? = 0
configure:6421: result: yes
configure:6433: checking for uint8_t
configure:6433: gcc -c   conftest.c >&5
configure:6433: $? = 0
configure:6433: result: yes
configure:6453: checking build system type
configure:6469: result: x86_64-pc-linux-gnu
configure:6489: checking host system type
configure:6504: result: x86_64-pc-linux-gnu
configure:6524: checking for GNU libc compatible malloc
configure:6556: gcc -o conftest    conftest.c  >&5
configure:6556: $? = 0
configure:6556: ./conftest
configure:6556: $? = 0
configure:6570: result: yes
configure:6598: checking for alarm
configure:6598: gcc -o conftest    conftest.c  >&5
configure:6598: $? = 0
configure:6598: result: yes
configure:6609: checking for working mktime
configure:6807: gcc -o conftest    conftest.c  >&5
configure:6807: $? = 0
configure:6807: ./conftest
configure:6807: $? = 0
configure:6821: result: yes
configure:6832: checking for GNU libc compatible realloc
configure:6864: gcc -o conftest    conftest.c  >&5
configure:6864: $? = 0
configure:6864: ./conftest
configure:6864: $? = 0
configure:6878: result: yes
configure:6901: checking for clock_gettime
configure:6901: gcc -o conftest    conftest.c  >&5
configure:6901: $? = 0
configure:6901: result: yes
configure:6907: checking for memset
configure:6907: gcc -o conftest    conftest.c  >&5
conftest.c:53:6: warning: conflicting types for built-in function 'memset'; expected 'void *(void *, int,  long unsigned int)' [-Wbuiltin-declaration-mismatch]
   53 | char memset (void);
      |      ^~~~~~
conftest.c:45:1: note: 'memset' is declared in header '<string.h>'
   44 | #include <limits.h>
   45 | #undef memset
configure:6907: $? = 0
configure:6907: result: yes
configure:6913: checking for pow
configure:6913: gcc -o conftest    conftest.c  >&5
conftest.c:54:6: warning: conflicting types for built-in function 'pow'; expected 'double(double,  double)' [-Wbuiltin-declaration-mismatch]
   54 | char pow (void);
      |      ^~~
conftest.c:46:1: note: 'pow' is declared in header '<math.h>'
   45 | #include <limits.h>
   46 | #undef pow
/usr/bin/ld: /tmp/cc9d2pc4.o: in function `main':
conftest.c:(.text+0x5): undefined reference to `pow'
collect2: error: ld returned 1 exit status
configure:6913: $? = 1
configure: failed program was:
| /* confdefs.h */
| #define PACKAGE_NAME "matiec"
| #define PACKAGE_TARNAME "matiec"
| #define PACKAGE_VERSION "0.1"
| #define PACKAGE_STRING "matiec 0.1"
| #define PACKAGE_BUGREPORT "msousa@fe.up.pt, beremiz-devel@lists.sourceforge.net"
| #define PACKAGE_URL ""
| #define PACKAGE "matiec"
| #define VERSION "0.1"
| #define YYTEXT_POINTER 1
| #define HAVE_STDIO_H 1
| #define HAVE_STDLIB_H 1
| #define HAVE_STRING_H 1
| #define HAVE_INTTYPES_H 1
| #define HAVE_STDINT_H 1
| #define HAVE_STRINGS_H 1
| #define HAVE_SYS_STAT_H 1
| #define HAVE_SYS_TYPES_H 1
| #define HAVE_UNISTD_H 1
| #define HAVE_SYS_TIME_H 1
| #define STDC_HEADERS 1
| #define HAVE_FLOAT_H 1
| #define HAVE_LIMITS_H 1
| #define HAVE_STDINT_H 1
| #define HAVE_STDLIB_H 1
| #define HAVE_STRING_H 1
| #define HAVE_STRINGS_H 1
| #define HAVE_SYS_TIMEB_H 1
| #define HAVE_UNISTD_H 1
| #define HAVE__BOOL 1
| #define HAVE_STDBOOL_H 1
| #define HAVE_MALLOC 1
| #define HAVE_ALARM 1
| #define HAVE_REALLOC 1
| #define HAVE_CLOCK_GETTIME 1
| #define HAVE_MEMSET 1
| /* end confdefs.h.  */
| /* Define pow to an innocuous variant, in case <limits.h> declares pow.
|    For example, HP-UX 11i <limits.h> declares gettimeofday.  */
| #define pow innocuous_pow
| 
| /* System header to define __stub macros and hopefully few prototypes,
|    which can conflict with char pow (void); below.  */
| 
| #include <limits.h>
| #undef pow
| 
| /* Override any GCC internal prototype to avoid an error.
|    Use char because int might match the return type of a GCC
|    builtin and then its argument prototype would still apply.  */
| #ifdef __cplusplus
| extern "C"
| #endif
| char pow (void);
| /* The GNU C library defines this for functions which it implements
|     to always fail with ENOSYS.  Some functions are actually named
|     something starting with __ and the normal name is an alias.  */
| #if defined __stub_pow || defined __stub___pow
| choke me
| #endif
| 
| int
| main (void)
| {
| return pow ();
|   ;
|   return 0;
| }
configure:6913: result: no
configure:6919: checking for strcasecmp
configure:6919: gcc -o conftest    conftest.c  >&5
conftest.c:54:6: warning: conflicting types for built-in function 'strcasecmp'; expected 'int(const char *, const char *)' [-Wbuiltin-declaration-mismatch]
   54 | char strcasecmp (void);
      |      ^~~~~~~~~~
configure:6919: $? = 0
configure:6919: result: yes
configure:6925: checking for strdup
configure:6925: gcc -o conftest    conftest.c  >&5
conftest.c:55:6: warning: conflicting types for built-in function 'strdup'; expected 'char *(const char *)' [-Wbuiltin-declaration-mismatch]
   55 | char strdup (void);
      |      ^~~~~~
configure:6925: $? = 0
configure:6925: result: yes
configure:6931: checking for strtoul
configure:6931: gcc -o conftest    conftest.c  >&5
configure:6931: $? = 0
configure:6931: result: yes
configure:6937: checking for strtoull
configure:6937: gcc -o conftest    conftest.c  >&5
configure:6937: $? = 0
configure:6937: result: yes
configure:7051: checking that generated files are newer than configure
configure:7057: result: done
configure:7096: creating ./config.status

## ---------------------- ##
## Running config.status. ##
## ---------------------- ##

This file was extended by matiec config.status 0.1, which was
generated by GNU Autoconf 2.72.  Invocation command line was

  CONFIG_FILES    = 
  CONFIG_HEADERS  = 
  CONFIG_LINKS    = 
  CONFIG_COMMANDS = 
  $ ./config.status 

on kali

config.status:900: creating Makefile
config.status:900: creating absyntax/Makefile
config.status:900: creating absyntax_utils/Makefile
config.status:900: creating stage1_2/Makefile
config.status:900: creating stage3/Makefile
config.status:900: creating stage4/Makefile
config.status:900: creating stage4/generate_c/Makefile
config.status:900: creating stage4/generate_iec/Makefile
config.status:900: creating config/config.h
config.status:1081: config/config.h is unchanged
config.status:1129: executing depfiles commands
config.status:1206: cd .       && sed -e '/# am--include-marker/d' Makefile         | make -f - am--depfiles
make: Nothing to be done for 'am--depfiles'.
config.status:1211: $? = 0
config.status:1206: cd absyntax       && sed -e '/# am--include-marker/d' Makefile         | make -f - am--depfiles
make: Nothing to be done for 'am--depfiles'.
config.status:1211: $? = 0
config.status:1206: cd absyntax_utils       && sed -e '/# am--include-marker/d' Makefile         | make -f - am--depfiles
make: Nothing to be done for 'am--depfiles'.
config.status:1211: $? = 0
config.status:1206: cd stage1_2       && sed -e '/# am--include-marker/d' Makefile         | make -f - am--depfiles
make: Nothing to be done for 'am--depfiles'.
config.status:1211: $? = 0
config.status:1206: cd stage3       && sed -e '/# am--include-marker/d' Makefile         | make -f - am--depfiles
make: Nothing to be done for 'am--depfiles'.
config.status:1211: $? = 0
config.status:1206: cd stage4/generate_c       && sed -e '/# am--include-marker/d' Makefile         | make -f - am--depfiles
make: Nothing to be done for 'am--depfiles'.
config.status:1211: $? = 0
config.status:1206: cd stage4/generate_iec       && sed -e '/# am--include-marker/d' Makefile         | make -f - am--depfiles
make: Nothing to be done for 'am--depfiles'.
config.status:1211: $? = 0

## ---------------- ##
## Cache variables. ##
## ---------------- ##

ac_cv_build=x86_64-pc-linux-gnu
ac_cv_c_compiler_gnu=yes
ac_cv_c_inline=inline
ac_cv_c_int16_t=yes
ac_cv_c_int32_t=yes
ac_cv_c_int64_t=yes
ac_cv_c_int8_t=yes
ac_cv_c_uint16_t=yes
ac_cv_c_uint32_t=yes
ac_cv_c_uint64_t=yes
ac_cv_c_uint8_t=yes
ac_cv_cxx_compiler_gnu=yes
ac_cv_env_CCC_set=
ac_cv_env_CCC_value=
ac_cv_env_CC_set=
ac_cv_env_CC_value=
ac_cv_env_CFLAGS_set=
ac_cv_env_CFLAGS_value=
ac_cv_env_CPPFLAGS_set=
ac_cv_env_CPPFLAGS_value=
ac_cv_env_CXXFLAGS_set=
ac_cv_env_CXXFLAGS_value=
ac_cv_env_CXX_set=
ac_cv_env_CXX_value=
ac_cv_env_LDFLAGS_set=
ac_cv_env_LDFLAGS_value=
ac_cv_env_LIBS_set=
ac_cv_env_LIBS_value=
ac_cv_env_YACC_set=
ac_cv_env_YACC_value=
ac_cv_env_YFLAGS_set=
ac_cv_env_YFLAGS_value=
ac_cv_env_build_alias_set=
ac_cv_env_build_alias_value=
ac_cv_env_host_alias_set=
ac_cv_env_host_alias_value=
ac_cv_env_target_alias_set=
ac_cv_env_target_alias_value=
ac_cv_func_alarm=yes
ac_cv_func_clock_gettime=yes
ac_cv_func_malloc_0_nonnull=yes
ac_cv_func_memset=yes
ac_cv_func_pow=no
ac_cv_func_realloc_0_nonnull=yes
ac_cv_func_strcasecmp=yes
ac_cv_func_strdup=yes
ac_cv_func_strtoul=yes
ac_cv_func_strtoull=yes
ac_cv_func_working_mktime=yes
ac_cv_header_float_h=yes
ac_cv_header_inttypes_h=yes
ac_cv_header_limits_h=yes
ac_cv_header_stdbool_h=yes
ac_cv_header_stdint_h=yes
ac_cv_header_stdio_h=yes
ac_cv_header_stdlib_h=yes
ac_cv_header_string_h=yes
ac_cv_header_strings_h=yes
ac_cv_header_sys_stat_h=yes
ac_cv_header_sys_time_h=yes
ac_cv_header_sys_timeb_h=yes
ac_cv_header_sys_types_h=yes
ac_cv_header_unistd_h=yes
ac_cv_host=x86_64-pc-linux-gnu
ac_cv_lib_lex='none needed'
ac_cv_objext=o
ac_cv_path_install='/usr/bin/install -c'
ac_cv_path_mkdir=/usr/bin/mkdir
ac_cv_prog_AWK=gawk
ac_cv_prog_LEX=flex
ac_cv_prog_YACC='bison -y'
ac_cv_prog_ac_ct_CC=gcc
ac_cv_prog_ac_ct_CXX=g++
ac_cv_prog_ac_ct_RANLIB=ranlib
ac_cv_prog_cc_c11=
ac_cv_prog_cc_g=yes
ac_cv_prog_cc_stdc=
ac_cv_prog_cxx_cxx11=
ac_cv_prog_cxx_g=yes
ac_cv_prog_cxx_stdcxx=
ac_cv_prog_lex_root=lex.yy
ac_cv_prog_lex_yytext_pointer=yes
ac_cv_prog_make_make_set=yes
ac_cv_search_yywrap=-ll
ac_cv_type__Bool=yes
am_cv_CC_dependencies_compiler_type=gcc3
am_cv_CXX_dependencies_compiler_type=gcc3
am_cv_filesystem_timestamp_resolution=0.01
am_cv_make_support_nested_variables=yes
am_cv_prog_cc_c_o=yes
am_cv_sleep_fractional_seconds=yes
am_cv_xargs_n_works=yes

## ----------------- ##
## Output variables. ##
## ----------------- ##

ACLOCAL='aclocal-1.17'
AMDEPBACKSLASH='\'
AMDEP_FALSE='#'
AMDEP_TRUE=''
AMTAR='$${TAR-tar}'
AM_BACKSLASH='\'
AM_DEFAULT_V='$(AM_DEFAULT_VERBOSITY)'
AM_DEFAULT_VERBOSITY='1'
AM_V='$(V)'
AUTOCONF='autoconf'
AUTOHEADER='autoheader'
AUTOMAKE='automake-1.17'
AWK='gawk'
CC='gcc'
CCDEPMODE='depmode=gcc3'
CFLAGS=''
CPPFLAGS=''
CSCOPE='cscope'
CTAGS='ctags'
CXX='g++'
CXXDEPMODE='depmode=gcc3'
CXXFLAGS=''
CYGPATH_W='echo'
DEFS='-DHAVE_CONFIG_H'
DEPDIR='.deps'
ECHO_C=''
ECHO_N='-n'
ECHO_T=''
ETAGS='etags'
EXEEXT=''
INSTALL_DATA='${INSTALL} -m 644'
INSTALL_PROGRAM='${INSTALL}'
INSTALL_SCRIPT='${INSTALL}'
INSTALL_STRIP_PROGRAM='$(install_sh) -c -s'
LDFLAGS=''
LEX='flex'
LEXLIB='-ll '
LEX_OUTPUT_ROOT='lex.yy'
LIBOBJS=''
LIBS=''
LN_S='ln -s'
LTLIBOBJS=''
MAKEINFO='makeinfo'
MKDIR_P='/usr/bin/mkdir -p'
OBJEXT='o'
PACKAGE='matiec'
PACKAGE_BUGREPORT='msousa@fe.up.pt, beremiz-devel@lists.sourceforge.net'
PACKAGE_NAME='matiec'
PACKAGE_STRING='matiec 0.1'
PACKAGE_TARNAME='matiec'
PACKAGE_URL=''
PACKAGE_VERSION='0.1'
PATH_SEPARATOR=':'
RANLIB='ranlib'
SET_MAKE=''
SHELL='/bin/bash'
STRIP=''
VERSION='0.1'
YACC='bison -y'
YFLAGS=''
ac_ct_CC='gcc'
ac_ct_CXX='g++'
am__EXEEXT_FALSE=''
am__EXEEXT_TRUE='#'
am__fastdepCC_FALSE='#'
am__fastdepCC_TRUE=''
am__fastdepCXX_FALSE='#'
am__fastdepCXX_TRUE=''
am__include='include'
am__isrc=''
am__leading_dot='.'
am__nodep='_no'
am__quote=''
am__rm_f_notfound=''
am__tar='$${TAR-tar} chof - "$$tardir"'
am__untar='$${TAR-tar} xf -'
am__xargs_n='xargs -n'
bindir='${exec_prefix}/bin'
build='x86_64-pc-linux-gnu'
build_alias=''
build_cpu='x86_64'
build_os='linux-gnu'
build_vendor='pc'
datadir='${datarootdir}'
datarootdir='${prefix}/share'
docdir='${datarootdir}/doc/${PACKAGE_TARNAME}'
dvidir='${docdir}'
exec_prefix='${prefix}'
host='x86_64-pc-linux-gnu'
host_alias=''
host_cpu='x86_64'
host_os='linux-gnu'
host_vendor='pc'
htmldir='${docdir}'
includedir='${prefix}/include'
infodir='${datarootdir}/info'
install_sh='${SHELL} /opt/PLC/OpenPLC_v3/utils/matiec_src/config/install-sh'
libdir='${exec_prefix}/lib'
libexecdir='${exec_prefix}/libexec'
localedir='${datarootdir}/locale'
localstatedir='${prefix}/var'
mandir='${datarootdir}/man'
mkdir_p='$(MKDIR_P)'
oldincludedir='/usr/include'
pdfdir='${docdir}'
prefix='/usr/local'
program_transform_name='s,x,x,'
psdir='${docdir}'
runstatedir='${localstatedir}/run'
sbindir='${exec_prefix}/sbin'
sharedstatedir='${prefix}/com'
sysconfdir='${prefix}/etc'
target_alias=''

## ----------- ##
## confdefs.h. ##
## ----------- ##

/* confdefs.h */
#define PACKAGE_NAME "matiec"
#define PACKAGE_TARNAME "matiec"
#define PACKAGE_VERSION "0.1"
#define PACKAGE_STRING "matiec 0.1"
#define PACKAGE_BUGREPORT "msousa@fe.up.pt, beremiz-devel@lists.sourceforge.net"
#define PACKAGE_URL ""
#define PACKAGE "matiec"
#define VERSION "0.1"
#define YYTEXT_POINTER 1
#define HAVE_STDIO_H 1
#define HAVE_STDLIB_H 1
#define HAVE_STRING_H 1
#define HAVE_INTTYPES_H 1
#define HAVE_STDINT_H 1
#define HAVE_STRINGS_H 1
#define HAVE_SYS_STAT_H 1
#define HAVE_SYS_TYPES_H 1
#define HAVE_UNISTD_H 1
#define HAVE_SYS_TIME_H 1
#define STDC_HEADERS 1
#define HAVE_FLOAT_H 1
#define HAVE_LIMITS_H 1
#define HAVE_STDINT_H 1
#define HAVE_STDLIB_H 1
#define HAVE_STRING_H 1
#define HAVE_STRINGS_H 1
#define HAVE_SYS_TIMEB_H 1
#define HAVE_UNISTD_H 1
#define HAVE__BOOL 1
#define HAVE_STDBOOL_H 1
#define HAVE_MALLOC 1
#define HAVE_ALARM 1
#define HAVE_REALLOC 1
#define HAVE_CLOCK_GETTIME 1
#define HAVE_MEMSET 1
#define HAVE_STRCASECMP 1
#define HAVE_STRDUP 1
#define HAVE_STRTOUL 1
#define HAVE_STRTOULL 1

configure: exit 0

## ---------------------- ##
## Running config.status. ##
## ---------------------- ##

This file was extended by matiec config.status 0.1, which was
generated by GNU Autoconf 2.72.  Invocation command line was

  CONFIG_FILES    = 
  CONFIG_HEADERS  = 
  CONFIG_LINKS    = 
  CONFIG_COMMANDS = 
  $ ./config.status config/config.h

on kali

config.status:900: creating config/config.h
config.status:1081: config/config.h is unchanged
